<?xml version="1.0" encoding="UTF-8"?>
<!-- Generated by org.testng.reporters.JUnitReportReporter -->
<testsuite skipped="0" hostname="DESKTOP-K89D63Q" name="genericUtilitiesOrLibraries.SampleBaseClass" tests="1" failures="0" timestamp="2023-05-18T16:04:51 IST" time="0.034" errors="0">
  <testcase name="test1" time="0.034" classname="genericUtilitiesOrLibraries.SampleBaseClass"/>
  <system-out/>
</testsuite> <!-- genericUtilitiesOrLibraries.SampleBaseClass -->
